{"logTime": "0429/024428", "correlationVector":"ZoUFeeaBXECpbFbsjmX0N4.1","action":"SyncServerConnectionManagerRequest", "result":"SYNC_SERVER_OK", "context":{"environment":"Prod_southeastasia_prod-s01-064-apac-southeastasia", "migrationStage":"NotStarted", "server":"akswtt007000018"}}
{"logTime": "0429/024428", "correlationVector":"ZoUFeeaBXECpbFbsjmX0N4.2","action":"ProcessGetUpdates", "result":"Done", "context":{"dataType":"Encryption Keys", "deleted":"0", "process_failed_to_decrypt":"0", "process_pending_decryption":"0", "process_success":"1", "total":"1"}}
{"logTime": "0429/024429", "correlationVector":"RvckxazA9p0yChgovM1V0c","action":"SyncServerConnectionManagerRequest", "result":"SYNC_SERVER_OK", "context":{"environment":"", "migrationStage":"", "server":""}}
{"logTime": "0429/024429", "correlationVector":"RvckxazA9p0yChgovM1V0c.0","action":"EncryptionKeysFetcher.DownloadKeys:", "result":"Success", "context":Key count: 6, Last key timestamp: 2025-04-27T19:06:25Z}
{"logTime": "0429/024429", "correlationVector":"RvckxazA9p0yChgovM1V0c.1","action":"EncryptionKeysManager::SetEncryptionKeys:", "result":"Success", "context":Key names[6]:[S1sjgeUF7dfxpgs7dblfxCq5U7sVdDps1VklDomCarRW3uIsq0pqJolwJZMF8WJkmGwBKfPFcKo+6hssORCbQQ==][Xvg7f0JVZaSYtZPW/ukmkBzU4o3OKVLpzg3gVfwE9NzFHZsSYHrzsnI/xhpFh1NhjwDUheJFneF+t0zoOroptg==][CtMfJF0ExP9w8WkbCUqXCfmI1CYvF8v0RnDRPgSwCjNxZTJ/HJU9twIGLGVoLtpyMHAQRnqgCJd37dDl536Miw==][cvybGmjBpi84oO4fzh64U7Ww4V5yg2m6KOp/JYcwEoYLf5+hx6zSiiSr8NBGhuGSCqe27yWxJOTjEDb208UbqQ==][7y1AZzq9es/tEWqywa5BIZDra7LTZNX2+BIatCPbPsFnLfdqbEhNwdwsdV5EF9JqPSv1xKWz1/ODc/jWr6kgNw==][tt3ZlOOcPssPz1nAJtYKmsq77bTNOnmeKSiBVOvyXbeWxVxye1HHU372i2mlEaAu9iUKu51c+1kWM3MDO7RIAA==]}
{"logTime": "0429/024429", "correlationVector":"RvckxazA9p0yChgovM1V0c.2","action":"EncryptionKeysManager::SetEncryptionKeysWithTimestamps:", "result":"Success", "context":Key timestamps[6]:[2022-11-07T05:13:03Z][2023-05-06T10:45:11Z][2023-11-03T03:41:16Z][2024-05-02T02:00:16Z][2024-10-29T12:22:06Z][2025-04-27T19:06:25Z]}
{"logTime": "0429/024429", "correlationVector":"ZoUFeeaBXECpbFbsjmX0N4","action":"Initial GetUpdates", "result":"", "context":Reason: NEW_CLIENT. cV=ZoUFeeaBXECpbFbsjmX0N4}
{"logTime": "0429/024429", "correlationVector":"ZoUFeeaBXECpbFbsjmX0N4.3","action":"GetUpdates Response", "result":"Success", "context":Received 1 update(s). cV=ZoUFeeaBXECpbFbsjmX0N4.0;server=akswtt007000018;cloudType=Consumer;environment=Prod_southeastasia_prod-s01-064-apac-southeastasia;migrationStage=NotStarted}
{"logTime": "0429/024429", "correlationVector":"k7545nm8mxDcsXJdk0R84g","action":"Initial GetUpdates", "result":"", "context":Reason: NEWLY_SUPPORTED_DATATYPE. cV=k7545nm8mxDcsXJdk0R84g}
{"logTime": "0429/024430", "correlationVector":"k7545nm8mxDcsXJdk0R84g.1","action":"SyncServerConnectionManagerRequest", "result":"SYNC_SERVER_OK", "context":{"environment":"Prod_southeastasia_prod-s01-064-apac-southeastasia", "migrationStage":"NotStarted", "server":"akswtt00700002k"}}
{"logTime": "0429/024430", "correlationVector":"k7545nm8mxDcsXJdk0R84g.2","action":"ProcessGetUpdates", "result":"Done", "context":{"dataType":"Preferences", "deleted":"0", "process_failed_to_decrypt":"0", "process_pending_decryption":"0", "process_success":"91", "total":"91"}}
{"logTime": "0429/024430", "correlationVector":"k7545nm8mxDcsXJdk0R84g.3","action":"ProcessGetUpdates", "result":"Done", "context":{"dataType":"Passwords", "deleted":"2", "process_failed_to_decrypt":"0", "process_pending_decryption":"0", "process_success":"74", "total":"74"}}
{"logTime": "0429/024430", "correlationVector":"k7545nm8mxDcsXJdk0R84g.4","action":"ProcessGetUpdates", "result":"Done", "context":{"dataType":"Device Info", "deleted":"0", "process_failed_to_decrypt":"0", "process_pending_decryption":"0", "process_success":"12", "total":"12"}}
{"logTime": "0429/024430", "correlationVector":"k7545nm8mxDcsXJdk0R84g.5","action":"GetUpdates Response", "result":"Success", "context":Received 177 update(s). cV=k7545nm8mxDcsXJdk0R84g.0;server=akswtt00700002k;cloudType=Consumer;environment=Prod_southeastasia_prod-s01-064-apac-southeastasia;migrationStage=NotStarted}
{"logTime": "0429/024430", "correlationVector":"YrtHV53j0o/P2RogrIcEx/","action":"Initial GetUpdates", "result":"", "context":Reason: NEWLY_SUPPORTED_DATATYPE. cV=YrtHV53j0o/P2RogrIcEx/}
{"logTime": "0429/024431", "correlationVector":"YrtHV53j0o/P2RogrIcEx/.1","action":"SyncServerConnectionManagerRequest", "result":"SYNC_SERVER_OK", "context":{"environment":"Prod_southeastasia_prod-s01-064-apac-southeastasia", "migrationStage":"NotStarted", "server":"akswtt00700001z"}}
{"logTime": "0429/024431", "correlationVector":"YrtHV53j0o/P2RogrIcEx/.2","action":"ProcessGetUpdates", "result":"Done", "context":{"dataType":"Bookmarks", "deleted":"11", "process_failed_to_decrypt":"0", "process_pending_decryption":"0", "process_success":"143", "total":"143"}}
{"logTime": "0429/024431", "correlationVector":"YrtHV53j0o/P2RogrIcEx/.3","action":"GetUpdates Response", "result":"Success", "context":Received 143 update(s). cV=YrtHV53j0o/P2RogrIcEx/.0;server=akswtt00700001z;cloudType=Consumer;environment=Prod_southeastasia_prod-s01-064-apac-southeastasia;migrationStage=NotStarted}
{"logTime": "0429/024431", "correlationVector":"mMv8DUPxPHiBkY21cy/FD9","action":"Initial GetUpdates", "result":"", "context":Reason: NEWLY_SUPPORTED_DATATYPE. cV=mMv8DUPxPHiBkY21cy/FD9}
{"logTime": "0429/024432", "correlationVector":"mMv8DUPxPHiBkY21cy/FD9.1","action":"SyncServerConnectionManagerRequest", "result":"SYNC_SERVER_OK", "context":{"environment":"Prod_southeastasia_prod-s01-064-apac-southeastasia", "migrationStage":"NotStarted", "server":"akswtt00700001x"}}
{"logTime": "0429/024432", "correlationVector":"mMv8DUPxPHiBkY21cy/FD9.2","action":"ProcessGetUpdates", "result":"Done", "context":{"dataType":"Extensions", "deleted":"0", "process_failed_to_decrypt":"0", "process_pending_decryption":"0", "process_success":"1", "total":"1"}}
{"logTime": "0429/024432", "correlationVector":"mMv8DUPxPHiBkY21cy/FD9.3","action":"ProcessGetUpdates", "result":"Done", "context":{"dataType":"Sessions", "deleted":"230", "process_failed_to_decrypt":"0", "process_pending_decryption":"0", "process_success":"230", "total":"230"}}
{"logTime": "0429/024432", "correlationVector":"mMv8DUPxPHiBkY21cy/FD9.4","action":"ProcessGetUpdates", "result":"Done", "context":{"dataType":"Edge Hub App Usage", "deleted":"8", "process_failed_to_decrypt":"0", "process_pending_decryption":"0", "process_success":"18", "total":"18"}}
{"logTime": "0429/024432", "correlationVector":"mMv8DUPxPHiBkY21cy/FD9.5","action":"ProcessGetUpdates", "result":"Done", "context":{"dataType":"Edge Tab Group", "deleted":"0", "process_failed_to_decrypt":"0", "process_pending_decryption":"0", "process_success":"1", "total":"1"}}
{"logTime": "0429/024432", "correlationVector":"mMv8DUPxPHiBkY21cy/FD9.6","action":"GetUpdates Response", "result":"Success", "context":Received 250 update(s). cV=mMv8DUPxPHiBkY21cy/FD9.0;server=akswtt00700001x;cloudType=Consumer;environment=Prod_southeastasia_prod-s01-064-apac-southeastasia;migrationStage=NotStarted Some updates remain.}
{"logTime": "0429/024432", "correlationVector":"JMQ7/FpJd+oiuRs7LCekLe","action":"Initial GetUpdates", "result":"", "context":Reason: NEWLY_SUPPORTED_DATATYPE. cV=JMQ7/FpJd+oiuRs7LCekLe}
{"logTime": "0429/024433", "correlationVector":"JMQ7/FpJd+oiuRs7LCekLe.1","action":"SyncServerConnectionManagerRequest", "result":"SYNC_SERVER_OK", "context":{"environment":"Prod_southeastasia_prod-s01-064-apac-southeastasia", "migrationStage":"NotStarted", "server":"akswtt00700002a"}}
{"logTime": "0429/024433", "correlationVector":"JMQ7/FpJd+oiuRs7LCekLe.2","action":"ProcessGetUpdates", "result":"Done", "context":{"dataType":"Sessions", "deleted":"235", "process_failed_to_decrypt":"0", "process_pending_decryption":"0", "process_success":"235", "total":"235"}}
{"logTime": "0429/024433", "correlationVector":"JMQ7/FpJd+oiuRs7LCekLe.3","action":"ProcessGetUpdates", "result":"Done", "context":{"dataType":"Edge Hub App Usage", "deleted":"15", "process_failed_to_decrypt":"0", "process_pending_decryption":"0", "process_success":"15", "total":"15"}}
{"logTime": "0429/024433", "correlationVector":"JMQ7/FpJd+oiuRs7LCekLe.4","action":"GetUpdates Response", "result":"Success", "context":Received 250 update(s). cV=JMQ7/FpJd+oiuRs7LCekLe.0;server=akswtt00700002a;cloudType=Consumer;environment=Prod_southeastasia_prod-s01-064-apac-southeastasia;migrationStage=NotStarted Some updates remain.}
{"logTime": "0429/024433", "correlationVector":"mQVYRx4YOEgsXW12UwJlXv","action":"Initial GetUpdates", "result":"", "context":Reason: NEWLY_SUPPORTED_DATATYPE. cV=mQVYRx4YOEgsXW12UwJlXv}
{"logTime": "0429/024434", "correlationVector":"mQVYRx4YOEgsXW12UwJlXv.1","action":"SyncServerConnectionManagerRequest", "result":"SYNC_SERVER_OK", "context":{"environment":"Prod_southeastasia_prod-s01-064-apac-southeastasia", "migrationStage":"NotStarted", "server":"akswtt00700002k"}}
{"logTime": "0429/024434", "correlationVector":"mQVYRx4YOEgsXW12UwJlXv.2","action":"ProcessGetUpdates", "result":"Done", "context":{"dataType":"Autofill Profiles", "deleted":"1", "process_failed_to_decrypt":"0", "process_pending_decryption":"0", "process_success":"1", "total":"1"}}
{"logTime": "0429/024434", "correlationVector":"mQVYRx4YOEgsXW12UwJlXv.3","action":"ProcessGetUpdates", "result":"Done", "context":{"dataType":"Autofill", "deleted":"0", "process_failed_to_decrypt":"0", "process_pending_decryption":"0", "process_success":"1", "total":"1"}}
{"logTime": "0429/024434", "correlationVector":"mQVYRx4YOEgsXW12UwJlXv.4","action":"ProcessGetUpdates", "result":"Done", "context":{"dataType":"Sessions", "deleted":"223", "process_failed_to_decrypt":"0", "process_pending_decryption":"0", "process_success":"223", "total":"223"}}
{"logTime": "0429/024434", "correlationVector":"mQVYRx4YOEgsXW12UwJlXv.5","action":"ProcessGetUpdates", "result":"Done", "context":{"dataType":"Saved Tab Group", "deleted":"3", "process_failed_to_decrypt":"0", "process_pending_decryption":"0", "process_success":"16", "total":"16"}}
{"logTime": "0429/024434", "correlationVector":"mQVYRx4YOEgsXW12UwJlXv.6","action":"ProcessGetUpdates", "result":"Done", "context":{"dataType":"Edge Hub App Usage", "deleted":"6", "process_failed_to_decrypt":"0", "process_pending_decryption":"0", "process_success":"7", "total":"7"}}
{"logTime": "0429/024434", "correlationVector":"mQVYRx4YOEgsXW12UwJlXv.7","action":"ProcessGetUpdates", "result":"Done", "context":{"dataType":"Edge Tab Group", "deleted":"0", "process_failed_to_decrypt":"0", "process_pending_decryption":"0", "process_success":"2", "total":"2"}}
{"logTime": "0429/024434", "correlationVector":"mQVYRx4YOEgsXW12UwJlXv.8","action":"GetUpdates Response", "result":"Success", "context":Received 250 update(s). cV=mQVYRx4YOEgsXW12UwJlXv.0;server=akswtt00700002k;cloudType=Consumer;environment=Prod_southeastasia_prod-s01-064-apac-southeastasia;migrationStage=NotStarted Some updates remain.}
{"logTime": "0429/024434", "correlationVector":"Jl+zxOWUHZZ+VJd/oj/0n1","action":"Initial GetUpdates", "result":"", "context":Reason: NEWLY_SUPPORTED_DATATYPE. cV=Jl+zxOWUHZZ+VJd/oj/0n1}
{"logTime": "0429/024435", "correlationVector":"Jl+zxOWUHZZ+VJd/oj/0n1.1","action":"SyncServerConnectionManagerRequest", "result":"SYNC_SERVER_OK", "context":{"environment":"Prod_southeastasia_prod-s01-064-apac-southeastasia", "migrationStage":"NotStarted", "server":"akswtt00700002m"}}
{"logTime": "0429/024435", "correlationVector":"Jl+zxOWUHZZ+VJd/oj/0n1.2","action":"ProcessGetUpdates", "result":"Done", "context":{"dataType":"Sessions", "deleted":"233", "process_failed_to_decrypt":"0", "process_pending_decryption":"0", "process_success":"239", "total":"239"}}
{"logTime": "0429/024435", "correlationVector":"Jl+zxOWUHZZ+VJd/oj/0n1.3","action":"ProcessGetUpdates", "result":"Done", "context":{"dataType":"History Delete Directives", "deleted":"0", "process_failed_to_decrypt":"0", "process_pending_decryption":"0", "process_success":"4", "total":"4"}}
{"logTime": "0429/024435", "correlationVector":"Jl+zxOWUHZZ+VJd/oj/0n1.4","action":"ProcessGetUpdates", "result":"Done", "context":{"dataType":"Edge Hub App Usage", "deleted":"7", "process_failed_to_decrypt":"0", "process_pending_decryption":"0", "process_success":"7", "total":"7"}}
{"logTime": "0429/024435", "correlationVector":"Jl+zxOWUHZZ+VJd/oj/0n1.5","action":"GetUpdates Response", "result":"Success", "context":Received 250 update(s). cV=Jl+zxOWUHZZ+VJd/oj/0n1.0;server=akswtt00700002m;cloudType=Consumer;environment=Prod_southeastasia_prod-s01-064-apac-southeastasia;migrationStage=NotStarted Some updates remain.}
{"logTime": "0429/024435", "correlationVector":"I9q/UzmUNukrzMSn0Xb/rD","action":"Initial GetUpdates", "result":"", "context":Reason: NEWLY_SUPPORTED_DATATYPE. cV=I9q/UzmUNukrzMSn0Xb/rD}
{"logTime": "0429/024436", "correlationVector":"I9q/UzmUNukrzMSn0Xb/rD.1","action":"SyncServerConnectionManagerRequest", "result":"SYNC_SERVER_OK", "context":{"environment":"Prod_southeastasia_prod-s01-064-apac-southeastasia", "migrationStage":"NotStarted", "server":"akswtt007000012"}}
{"logTime": "0429/024436", "correlationVector":"I9q/UzmUNukrzMSn0Xb/rD.2","action":"ProcessGetUpdates", "result":"Done", "context":{"dataType":"Autofill Profiles", "deleted":"0", "process_failed_to_decrypt":"0", "process_pending_decryption":"0", "process_success":"9", "total":"9"}}
{"logTime": "0429/024436", "correlationVector":"I9q/UzmUNukrzMSn0Xb/rD.3","action":"ProcessGetUpdates", "result":"Done", "context":{"dataType":"Autofill", "deleted":"0", "process_failed_to_decrypt":"0", "process_pending_decryption":"0", "process_success":"127", "total":"127"}}
{"logTime": "0429/024436", "correlationVector":"I9q/UzmUNukrzMSn0Xb/rD.4","action":"ProcessGetUpdates", "result":"Done", "context":{"dataType":"Sessions", "deleted":"107", "process_failed_to_decrypt":"0", "process_pending_decryption":"0", "process_success":"108", "total":"108"}}
{"logTime": "0429/024436", "correlationVector":"I9q/UzmUNukrzMSn0Xb/rD.5","action":"ProcessGetUpdates", "result":"Done", "context":{"dataType":"Saved Tab Group", "deleted":"1", "process_failed_to_decrypt":"0", "process_pending_decryption":"0", "process_success":"3", "total":"3"}}
{"logTime": "0429/024436", "correlationVector":"I9q/UzmUNukrzMSn0Xb/rD.6","action":"ProcessGetUpdates", "result":"Done", "context":{"dataType":"Edge Hub App Usage", "deleted":"2", "process_failed_to_decrypt":"0", "process_pending_decryption":"0", "process_success":"2", "total":"2"}}
{"logTime": "0429/024436", "correlationVector":"I9q/UzmUNukrzMSn0Xb/rD.7","action":"ProcessGetUpdates", "result":"Done", "context":{"dataType":"Edge Tab Group", "deleted":"0", "process_failed_to_decrypt":"0", "process_pending_decryption":"0", "process_success":"1", "total":"1"}}
{"logTime": "0429/024436", "correlationVector":"I9q/UzmUNukrzMSn0Xb/rD.8","action":"GetUpdates Response", "result":"Success", "context":Received 250 update(s). cV=I9q/UzmUNukrzMSn0Xb/rD.0;server=akswtt007000012;cloudType=Consumer;environment=Prod_southeastasia_prod-s01-064-apac-southeastasia;migrationStage=NotStarted Some updates remain.}
{"logTime": "0429/024436", "correlationVector":"quAXag+/Ne7b0txsBF0kdo","action":"Initial GetUpdates", "result":"", "context":Reason: NEWLY_SUPPORTED_DATATYPE. cV=quAXag+/Ne7b0txsBF0kdo}
{"logTime": "0429/024437", "correlationVector":"quAXag+/Ne7b0txsBF0kdo.1","action":"SyncServerConnectionManagerRequest", "result":"SYNC_SERVER_OK", "context":{"environment":"Prod_southeastasia_prod-s01-064-apac-southeastasia", "migrationStage":"NotStarted", "server":"akswtt00700002a"}}
{"logTime": "0429/024437", "correlationVector":"quAXag+/Ne7b0txsBF0kdo.2","action":"ProcessGetUpdates", "result":"Done", "context":{"dataType":"Autofill", "deleted":"0", "process_failed_to_decrypt":"0", "process_pending_decryption":"0", "process_success":"215", "total":"215"}}
{"logTime": "0429/024437", "correlationVector":"quAXag+/Ne7b0txsBF0kdo.3","action":"ProcessGetUpdates", "result":"Done", "context":{"dataType":"Sessions", "deleted":"33", "process_failed_to_decrypt":"0", "process_pending_decryption":"0", "process_success":"35", "total":"35"}}
{"logTime": "0429/024437", "correlationVector":"quAXag+/Ne7b0txsBF0kdo.4","action":"GetUpdates Response", "result":"Success", "context":Received 250 update(s). cV=quAXag+/Ne7b0txsBF0kdo.0;server=akswtt00700002a;cloudType=Consumer;environment=Prod_southeastasia_prod-s01-064-apac-southeastasia;migrationStage=NotStarted Some updates remain.}
{"logTime": "0429/024437", "correlationVector":"6cMNB+xT4KSFYyO7XV8afj","action":"Initial GetUpdates", "result":"", "context":Reason: NEWLY_SUPPORTED_DATATYPE. cV=6cMNB+xT4KSFYyO7XV8afj}
{"logTime": "0429/024438", "correlationVector":"6cMNB+xT4KSFYyO7XV8afj.1","action":"SyncServerConnectionManagerRequest", "result":"SYNC_SERVER_OK", "context":{"environment":"Prod_southeastasia_prod-s01-064-apac-southeastasia", "migrationStage":"NotStarted", "server":"akswtt00700001z"}}
{"logTime": "0429/024438", "correlationVector":"6cMNB+xT4KSFYyO7XV8afj.2","action":"ProcessGetUpdates", "result":"Done", "context":{"dataType":"Autofill Profiles", "deleted":"0", "process_failed_to_decrypt":"0", "process_pending_decryption":"0", "process_success":"1", "total":"1"}}
{"logTime": "0429/024438", "correlationVector":"6cMNB+xT4KSFYyO7XV8afj.3","action":"ProcessGetUpdates", "result":"Done", "context":{"dataType":"Autofill", "deleted":"0", "process_failed_to_decrypt":"0", "process_pending_decryption":"0", "process_success":"3", "total":"3"}}
{"logTime": "0429/024438", "correlationVector":"6cMNB+xT4KSFYyO7XV8afj.4","action":"ProcessGetUpdates", "result":"Done", "context":{"dataType":"Sessions", "deleted":"71", "process_failed_to_decrypt":"0", "process_pending_decryption":"0", "process_success":"88", "total":"88"}}
{"logTime": "0429/024438", "correlationVector":"6cMNB+xT4KSFYyO7XV8afj.5","action":"GetUpdates Response", "result":"Success", "context":Received 92 update(s). cV=6cMNB+xT4KSFYyO7XV8afj.0;server=akswtt00700001z;cloudType=Consumer;environment=Prod_southeastasia_prod-s01-064-apac-southeastasia;migrationStage=NotStarted}
{"logTime": "0429/024438", "correlationVector":"TmLlAWVXSuSo51AhIoPMQy","action":"Initial GetUpdates", "result":"", "context":Reason: NEWLY_SUPPORTED_DATATYPE. cV=TmLlAWVXSuSo51AhIoPMQy}
{"logTime": "0429/024438", "correlationVector":"TmLlAWVXSuSo51AhIoPMQy.1","action":"SyncServerConnectionManagerRequest", "result":"SYNC_SERVER_OK", "context":{"environment":"Prod_southeastasia_prod-s01-064-apac-southeastasia", "migrationStage":"NotStarted", "server":"akswtt00700002k"}}
{"logTime": "0429/024438", "correlationVector":"TmLlAWVXSuSo51AhIoPMQy.2","action":"ProcessGetUpdates", "result":"Done", "context":{"dataType":"History", "deleted":"0", "process_failed_to_decrypt":"0", "process_pending_decryption":"0", "process_success":"250", "total":"250"}}
{"logTime": "0429/024438", "correlationVector":"TmLlAWVXSuSo51AhIoPMQy.3","action":"GetUpdates Response", "result":"Success", "context":Received 250 update(s). cV=TmLlAWVXSuSo51AhIoPMQy.0;server=akswtt00700002k;cloudType=Consumer;environment=Prod_southeastasia_prod-s01-064-apac-southeastasia;migrationStage=NotStarted Some updates remain.}
{"logTime": "0429/024438", "correlationVector":"5OeCHQZhSDWml9P3x9quSV","action":"Initial GetUpdates", "result":"", "context":Reason: NEWLY_SUPPORTED_DATATYPE. cV=5OeCHQZhSDWml9P3x9quSV}
{"logTime": "0429/024439", "correlationVector":"5OeCHQZhSDWml9P3x9quSV.1","action":"SyncServerConnectionManagerRequest", "result":"SYNC_SERVER_OK", "context":{"environment":"Prod_southeastasia_prod-s01-064-apac-southeastasia", "migrationStage":"NotStarted", "server":"akswtt00700001z"}}
{"logTime": "0429/024439", "correlationVector":"5OeCHQZhSDWml9P3x9quSV.2","action":"ProcessGetUpdates", "result":"Done", "context":{"dataType":"History", "deleted":"0", "process_failed_to_decrypt":"0", "process_pending_decryption":"0", "process_success":"250", "total":"250"}}
{"logTime": "0429/024439", "correlationVector":"5OeCHQZhSDWml9P3x9quSV.3","action":"GetUpdates Response", "result":"Success", "context":Received 250 update(s). cV=5OeCHQZhSDWml9P3x9quSV.0;server=akswtt00700001z;cloudType=Consumer;environment=Prod_southeastasia_prod-s01-064-apac-southeastasia;migrationStage=NotStarted Some updates remain.}
{"logTime": "0429/024439", "correlationVector":"T6v1DA4tKWqETwmBBJDnSP","action":"Initial GetUpdates", "result":"", "context":Reason: NEWLY_SUPPORTED_DATATYPE. cV=T6v1DA4tKWqETwmBBJDnSP}
{"logTime": "0429/024440", "correlationVector":"T6v1DA4tKWqETwmBBJDnSP.1","action":"SyncServerConnectionManagerRequest", "result":"SYNC_SERVER_OK", "context":{"environment":"Prod_southeastasia_prod-s01-064-apac-southeastasia", "migrationStage":"NotStarted", "server":"akswtt00700001x"}}
{"logTime": "0429/024440", "correlationVector":"T6v1DA4tKWqETwmBBJDnSP.2","action":"ProcessGetUpdates", "result":"Done", "context":{"dataType":"History", "deleted":"0", "process_failed_to_decrypt":"0", "process_pending_decryption":"0", "process_success":"250", "total":"250"}}
{"logTime": "0429/024440", "correlationVector":"T6v1DA4tKWqETwmBBJDnSP.3","action":"GetUpdates Response", "result":"Success", "context":Received 250 update(s). cV=T6v1DA4tKWqETwmBBJDnSP.0;server=akswtt00700001x;cloudType=Consumer;environment=Prod_southeastasia_prod-s01-064-apac-southeastasia;migrationStage=NotStarted Some updates remain.}
{"logTime": "0429/024440", "correlationVector":"qvcsIt8J5yb3lswyrDlPAO","action":"Initial GetUpdates", "result":"", "context":Reason: NEWLY_SUPPORTED_DATATYPE. cV=qvcsIt8J5yb3lswyrDlPAO}
{"logTime": "0429/024441", "correlationVector":"qvcsIt8J5yb3lswyrDlPAO.1","action":"SyncServerConnectionManagerRequest", "result":"SYNC_SERVER_OK", "context":{"environment":"Prod_southeastasia_prod-s01-064-apac-southeastasia", "migrationStage":"NotStarted", "server":"akswtt00700002k"}}
{"logTime": "0429/024441", "correlationVector":"qvcsIt8J5yb3lswyrDlPAO.2","action":"ProcessGetUpdates", "result":"Done", "context":{"dataType":"History", "deleted":"0", "process_failed_to_decrypt":"0", "process_pending_decryption":"0", "process_success":"250", "total":"250"}}
{"logTime": "0429/024441", "correlationVector":"qvcsIt8J5yb3lswyrDlPAO.3","action":"GetUpdates Response", "result":"Success", "context":Received 250 update(s). cV=qvcsIt8J5yb3lswyrDlPAO.0;server=akswtt00700002k;cloudType=Consumer;environment=Prod_southeastasia_prod-s01-064-apac-southeastasia;migrationStage=NotStarted Some updates remain.}
{"logTime": "0429/024441", "correlationVector":"kZf2je8DZH1ep1Ov6KLeHD","action":"Initial GetUpdates", "result":"", "context":Reason: NEWLY_SUPPORTED_DATATYPE. cV=kZf2je8DZH1ep1Ov6KLeHD}
{"logTime": "0429/024442", "correlationVector":"kZf2je8DZH1ep1Ov6KLeHD.1","action":"SyncServerConnectionManagerRequest", "result":"SYNC_SERVER_OK", "context":{"environment":"Prod_southeastasia_prod-s01-064-apac-southeastasia", "migrationStage":"NotStarted", "server":"akswtt00700001z"}}
{"logTime": "0429/024442", "correlationVector":"kZf2je8DZH1ep1Ov6KLeHD.2","action":"ProcessGetUpdates", "result":"Done", "context":{"dataType":"History", "deleted":"0", "process_failed_to_decrypt":"0", "process_pending_decryption":"0", "process_success":"250", "total":"250"}}
{"logTime": "0429/024442", "correlationVector":"kZf2je8DZH1ep1Ov6KLeHD.3","action":"GetUpdates Response", "result":"Success", "context":Received 250 update(s). cV=kZf2je8DZH1ep1Ov6KLeHD.0;server=akswtt00700001z;cloudType=Consumer;environment=Prod_southeastasia_prod-s01-064-apac-southeastasia;migrationStage=NotStarted Some updates remain.}
{"logTime": "0429/024442", "correlationVector":"IkES6aNgTqkv/LwQ/uDWqE","action":"Initial GetUpdates", "result":"", "context":Reason: NEWLY_SUPPORTED_DATATYPE. cV=IkES6aNgTqkv/LwQ/uDWqE}
{"logTime": "0429/024443", "correlationVector":"IkES6aNgTqkv/LwQ/uDWqE.1","action":"SyncServerConnectionManagerRequest", "result":"SYNC_SERVER_OK", "context":{"environment":"Prod_southeastasia_prod-s01-064-apac-southeastasia", "migrationStage":"NotStarted", "server":"akswtt00700001z"}}
{"logTime": "0429/024443", "correlationVector":"IkES6aNgTqkv/LwQ/uDWqE.2","action":"ProcessGetUpdates", "result":"Done", "context":{"dataType":"History", "deleted":"0", "process_failed_to_decrypt":"0", "process_pending_decryption":"0", "process_success":"250", "total":"250"}}
{"logTime": "0429/024443", "correlationVector":"IkES6aNgTqkv/LwQ/uDWqE.3","action":"GetUpdates Response", "result":"Success", "context":Received 250 update(s). cV=IkES6aNgTqkv/LwQ/uDWqE.0;server=akswtt00700001z;cloudType=Consumer;environment=Prod_southeastasia_prod-s01-064-apac-southeastasia;migrationStage=NotStarted Some updates remain.}
{"logTime": "0429/024443", "correlationVector":"Wi9S303Ed7k0IG849Ix52l","action":"Initial GetUpdates", "result":"", "context":Reason: NEWLY_SUPPORTED_DATATYPE. cV=Wi9S303Ed7k0IG849Ix52l}
{"logTime": "0429/024444", "correlationVector":"Wi9S303Ed7k0IG849Ix52l.1","action":"SyncServerConnectionManagerRequest", "result":"SYNC_SERVER_OK", "context":{"environment":"Prod_southeastasia_prod-s01-064-apac-southeastasia", "migrationStage":"NotStarted", "server":"akswtt00700002a"}}
{"logTime": "0429/024444", "correlationVector":"Wi9S303Ed7k0IG849Ix52l.2","action":"ProcessGetUpdates", "result":"Done", "context":{"dataType":"History", "deleted":"0", "process_failed_to_decrypt":"0", "process_pending_decryption":"0", "process_success":"250", "total":"250"}}
{"logTime": "0429/024444", "correlationVector":"Wi9S303Ed7k0IG849Ix52l.3","action":"GetUpdates Response", "result":"Success", "context":Received 250 update(s). cV=Wi9S303Ed7k0IG849Ix52l.0;server=akswtt00700002a;cloudType=Consumer;environment=Prod_southeastasia_prod-s01-064-apac-southeastasia;migrationStage=NotStarted Some updates remain.}
{"logTime": "0429/024444", "correlationVector":"8Cr2eAiYOovIpzrJ3ST4b1","action":"Initial GetUpdates", "result":"", "context":Reason: NEWLY_SUPPORTED_DATATYPE. cV=8Cr2eAiYOovIpzrJ3ST4b1}
{"logTime": "0429/024445", "correlationVector":"8Cr2eAiYOovIpzrJ3ST4b1.1","action":"SyncServerConnectionManagerRequest", "result":"SYNC_SERVER_OK", "context":{"environment":"Prod_southeastasia_prod-s01-064-apac-southeastasia", "migrationStage":"NotStarted", "server":"akswtt00700002m"}}
{"logTime": "0429/024445", "correlationVector":"8Cr2eAiYOovIpzrJ3ST4b1.2","action":"ProcessGetUpdates", "result":"Done", "context":{"dataType":"History", "deleted":"0", "process_failed_to_decrypt":"0", "process_pending_decryption":"0", "process_success":"250", "total":"250"}}
{"logTime": "0429/024445", "correlationVector":"8Cr2eAiYOovIpzrJ3ST4b1.3","action":"GetUpdates Response", "result":"Success", "context":Received 250 update(s). cV=8Cr2eAiYOovIpzrJ3ST4b1.0;server=akswtt00700002m;cloudType=Consumer;environment=Prod_southeastasia_prod-s01-064-apac-southeastasia;migrationStage=NotStarted Some updates remain.}
{"logTime": "0429/024445", "correlationVector":"yRn0KdPjXQy79409PSR5vY","action":"Initial GetUpdates", "result":"", "context":Reason: NEWLY_SUPPORTED_DATATYPE. cV=yRn0KdPjXQy79409PSR5vY}
{"logTime": "0429/024445", "correlationVector":"yRn0KdPjXQy79409PSR5vY.1","action":"SyncServerConnectionManagerRequest", "result":"SYNC_SERVER_OK", "context":{"environment":"Prod_southeastasia_prod-s01-064-apac-southeastasia", "migrationStage":"NotStarted", "server":"akswtt00700001x"}}
{"logTime": "0429/024445", "correlationVector":"yRn0KdPjXQy79409PSR5vY.2","action":"ProcessGetUpdates", "result":"Done", "context":{"dataType":"History", "deleted":"0", "process_failed_to_decrypt":"0", "process_pending_decryption":"0", "process_success":"250", "total":"250"}}
{"logTime": "0429/024445", "correlationVector":"yRn0KdPjXQy79409PSR5vY.3","action":"GetUpdates Response", "result":"Success", "context":Received 250 update(s). cV=yRn0KdPjXQy79409PSR5vY.0;server=akswtt00700001x;cloudType=Consumer;environment=Prod_southeastasia_prod-s01-064-apac-southeastasia;migrationStage=NotStarted Some updates remain.}
{"logTime": "0429/024445", "correlationVector":"ycAqlNCs2TRNfdSSoWPeFr","action":"Initial GetUpdates", "result":"", "context":Reason: NEWLY_SUPPORTED_DATATYPE. cV=ycAqlNCs2TRNfdSSoWPeFr}
{"logTime": "0429/024446", "correlationVector":"ycAqlNCs2TRNfdSSoWPeFr.1","action":"SyncServerConnectionManagerRequest", "result":"SYNC_SERVER_OK", "context":{"environment":"Prod_southeastasia_prod-s01-064-apac-southeastasia", "migrationStage":"NotStarted", "server":"akswtt007000012"}}
{"logTime": "0429/024446", "correlationVector":"ycAqlNCs2TRNfdSSoWPeFr.2","action":"ProcessGetUpdates", "result":"Done", "context":{"dataType":"History", "deleted":"0", "process_failed_to_decrypt":"0", "process_pending_decryption":"0", "process_success":"250", "total":"250"}}
{"logTime": "0429/024446", "correlationVector":"ycAqlNCs2TRNfdSSoWPeFr.3","action":"GetUpdates Response", "result":"Success", "context":Received 250 update(s). cV=ycAqlNCs2TRNfdSSoWPeFr.0;server=akswtt007000012;cloudType=Consumer;environment=Prod_southeastasia_prod-s01-064-apac-southeastasia;migrationStage=NotStarted Some updates remain.}
{"logTime": "0429/024446", "correlationVector":"6i0Jsx4zW9rq2ihvFInw+o","action":"Initial GetUpdates", "result":"", "context":Reason: NEWLY_SUPPORTED_DATATYPE. cV=6i0Jsx4zW9rq2ihvFInw+o}
{"logTime": "0429/024447", "correlationVector":"6i0Jsx4zW9rq2ihvFInw+o.1","action":"SyncServerConnectionManagerRequest", "result":"SYNC_SERVER_OK", "context":{"environment":"Prod_southeastasia_prod-s01-064-apac-southeastasia", "migrationStage":"NotStarted", "server":"akswtt00700001z"}}
{"logTime": "0429/024447", "correlationVector":"6i0Jsx4zW9rq2ihvFInw+o.2","action":"ProcessGetUpdates", "result":"Done", "context":{"dataType":"History", "deleted":"0", "process_failed_to_decrypt":"0", "process_pending_decryption":"0", "process_success":"250", "total":"250"}}
{"logTime": "0429/024447", "correlationVector":"6i0Jsx4zW9rq2ihvFInw+o.3","action":"GetUpdates Response", "result":"Success", "context":Received 250 update(s). cV=6i0Jsx4zW9rq2ihvFInw+o.0;server=akswtt00700001z;cloudType=Consumer;environment=Prod_southeastasia_prod-s01-064-apac-southeastasia;migrationStage=NotStarted Some updates remain.}
{"logTime": "0429/024447", "correlationVector":"1szgKnMIOf/CuT09H569GH","action":"Initial GetUpdates", "result":"", "context":Reason: NEWLY_SUPPORTED_DATATYPE. cV=1szgKnMIOf/CuT09H569GH}
{"logTime": "0429/024449", "correlationVector":"1szgKnMIOf/CuT09H569GH.1","action":"SyncServerConnectionManagerRequest", "result":"SYNC_SERVER_OK", "context":{"environment":"Prod_southeastasia_prod-s01-064-apac-southeastasia", "migrationStage":"NotStarted", "server":"akswtt00700002m"}}
{"logTime": "0429/024449", "correlationVector":"1szgKnMIOf/CuT09H569GH.2","action":"ProcessGetUpdates", "result":"Done", "context":{"dataType":"History", "deleted":"0", "process_failed_to_decrypt":"0", "process_pending_decryption":"0", "process_success":"250", "total":"250"}}
{"logTime": "0429/024449", "correlationVector":"1szgKnMIOf/CuT09H569GH.3","action":"GetUpdates Response", "result":"Success", "context":Received 250 update(s). cV=1szgKnMIOf/CuT09H569GH.0;server=akswtt00700002m;cloudType=Consumer;environment=Prod_southeastasia_prod-s01-064-apac-southeastasia;migrationStage=NotStarted Some updates remain.}
{"logTime": "0429/024449", "correlationVector":"sv/Vo4puGT/JdoDQV6xaIV","action":"Initial GetUpdates", "result":"", "context":Reason: NEWLY_SUPPORTED_DATATYPE. cV=sv/Vo4puGT/JdoDQV6xaIV}
{"logTime": "0429/024449", "correlationVector":"sv/Vo4puGT/JdoDQV6xaIV.1","action":"SyncServerConnectionManagerRequest", "result":"SYNC_SERVER_OK", "context":{"environment":"Prod_southeastasia_prod-s01-064-apac-southeastasia", "migrationStage":"NotStarted", "server":"akswtt00700001x"}}
{"logTime": "0429/024449", "correlationVector":"sv/Vo4puGT/JdoDQV6xaIV.2","action":"ProcessGetUpdates", "result":"Done", "context":{"dataType":"History", "deleted":"0", "process_failed_to_decrypt":"0", "process_pending_decryption":"0", "process_success":"250", "total":"250"}}
{"logTime": "0429/024449", "correlationVector":"sv/Vo4puGT/JdoDQV6xaIV.3","action":"GetUpdates Response", "result":"Success", "context":Received 250 update(s). cV=sv/Vo4puGT/JdoDQV6xaIV.0;server=akswtt00700001x;cloudType=Consumer;environment=Prod_southeastasia_prod-s01-064-apac-southeastasia;migrationStage=NotStarted Some updates remain.}
{"logTime": "0429/024449", "correlationVector":"P3z1KjreRtLxldbHiGTPGs","action":"Initial GetUpdates", "result":"", "context":Reason: NEWLY_SUPPORTED_DATATYPE. cV=P3z1KjreRtLxldbHiGTPGs}
{"logTime": "0429/024450", "correlationVector":"P3z1KjreRtLxldbHiGTPGs.1","action":"SyncServerConnectionManagerRequest", "result":"SYNC_SERVER_OK", "context":{"environment":"Prod_southeastasia_prod-s01-064-apac-southeastasia", "migrationStage":"NotStarted", "server":"akswtt00700002k"}}
{"logTime": "0429/024450", "correlationVector":"P3z1KjreRtLxldbHiGTPGs.2","action":"ProcessGetUpdates", "result":"Done", "context":{"dataType":"History", "deleted":"0", "process_failed_to_decrypt":"0", "process_pending_decryption":"0", "process_success":"250", "total":"250"}}
{"logTime": "0429/024450", "correlationVector":"P3z1KjreRtLxldbHiGTPGs.3","action":"GetUpdates Response", "result":"Success", "context":Received 250 update(s). cV=P3z1KjreRtLxldbHiGTPGs.0;server=akswtt00700002k;cloudType=Consumer;environment=Prod_southeastasia_prod-s01-064-apac-southeastasia;migrationStage=NotStarted Some updates remain.}
{"logTime": "0429/024450", "correlationVector":"61pCMo+5AVJakMH7s7vAEy","action":"Initial GetUpdates", "result":"", "context":Reason: NEWLY_SUPPORTED_DATATYPE. cV=61pCMo+5AVJakMH7s7vAEy}
{"logTime": "0429/024451", "correlationVector":"61pCMo+5AVJakMH7s7vAEy.1","action":"SyncServerConnectionManagerRequest", "result":"SYNC_SERVER_OK", "context":{"environment":"Prod_southeastasia_prod-s01-064-apac-southeastasia", "migrationStage":"NotStarted", "server":"akswtt00700002k"}}
{"logTime": "0429/024451", "correlationVector":"61pCMo+5AVJakMH7s7vAEy.2","action":"ProcessGetUpdates", "result":"Done", "context":{"dataType":"History", "deleted":"0", "process_failed_to_decrypt":"0", "process_pending_decryption":"0", "process_success":"115", "total":"115"}}
{"logTime": "0429/024451", "correlationVector":"61pCMo+5AVJakMH7s7vAEy.3","action":"GetUpdates Response", "result":"Success", "context":Received 115 update(s). cV=61pCMo+5AVJakMH7s7vAEy.0;server=akswtt00700002k;cloudType=Consumer;environment=Prod_southeastasia_prod-s01-064-apac-southeastasia;migrationStage=NotStarted}
{"logTime": "0429/024451", "correlationVector":"zQwtItj5hwhuQtRr+E5V3p","action":"Normal GetUpdate request", "result":"", "context":cV=zQwtItj5hwhuQtRr+E5V3p
Nudged types: Preferences, Sessions, Device Info, User Consents, History
Refresh requested types: Bookmarks, Preferences, Passwords, Autofill Profiles, Autofill, Extensions, Sessions, Extension settings, History Delete Directives, Device Info, User Consents, Send Tab To Self, Web Apps, History, Saved Tab Group, Collection, Edge E Drop, Edge Hub App Usage, Edge Tab Group, Edge Wallet, Encryption Keys}
{"logTime": "0429/024451", "correlationVector":"zQwtItj5hwhuQtRr+E5V3p.1","action":"SyncServerConnectionManagerRequest", "result":"SYNC_SERVER_OK", "context":{"environment":"Prod_southeastasia_prod-s01-064-apac-southeastasia", "migrationStage":"NotStarted", "server":"akswtt00700002m"}}
{"logTime": "0429/024451", "correlationVector":"zQwtItj5hwhuQtRr+E5V3p.2","action":"GetUpdates Response", "result":"Success", "context":Received 0 update(s). cV=zQwtItj5hwhuQtRr+E5V3p.0;server=akswtt00700002m;cloudType=Consumer;environment=Prod_southeastasia_prod-s01-064-apac-southeastasia;migrationStage=NotStarted}
{"logTime": "0429/024451", "correlationVector":"LUEIJmmNykPyfLJcGP5meK","action":"Commit Request", "result":"", "context":Item count: 7
Contributing types: Preferences, Sessions, Device Info, User Consents, History}
{"logTime": "0429/024452", "correlationVector":"LUEIJmmNykPyfLJcGP5meK.1","action":"SyncServerConnectionManagerRequest", "result":"SYNC_SERVER_OK", "context":{"environment":"Prod_southeastasia_prod-s01-064-apac-southeastasia", "migrationStage":"NotStarted", "server":"akswtt00700001z"}}
{"logTime": "0429/024452", "correlationVector":"LUEIJmmNykPyfLJcGP5meK.2","action":"Commit Response", "result":"Success", "context":Result: Success. cV=LUEIJmmNykPyfLJcGP5meK.0;server=akswtt00700001z;cloudType=Consumer;environment=Prod_southeastasia_prod-s01-064-apac-southeastasia;migrationStage=NotStarted}
{"logTime": "0429/024454", "correlationVector":"RzkHt+zwxB9IAbisp1ZqIN","action":"Normal GetUpdate request", "result":"", "context":cV=RzkHt+zwxB9IAbisp1ZqIN
Notified types: History}
{"logTime": "0429/024455", "correlationVector":"RzkHt+zwxB9IAbisp1ZqIN.1","action":"SyncServerConnectionManagerRequest", "result":"SYNC_SERVER_OK", "context":{"environment":"Prod_southeastasia_prod-s01-064-apac-southeastasia", "migrationStage":"NotStarted", "server":"akswtt00700002k"}}
{"logTime": "0429/024455", "correlationVector":"RzkHt+zwxB9IAbisp1ZqIN.2","action":"ProcessGetUpdates", "result":"Done", "context":{"dataType":"Preferences", "deleted":"0", "process_failed_to_decrypt":"0", "process_pending_decryption":"0", "process_success":"1", "total":"1"}}
{"logTime": "0429/024455", "correlationVector":"RzkHt+zwxB9IAbisp1ZqIN.3","action":"ProcessGetUpdates", "result":"Done", "context":{"dataType":"Sessions", "deleted":"1", "process_failed_to_decrypt":"0", "process_pending_decryption":"0", "process_success":"9", "total":"9"}}
{"logTime": "0429/024455", "correlationVector":"RzkHt+zwxB9IAbisp1ZqIN.4","action":"ProcessGetUpdates", "result":"Done", "context":{"dataType":"Device Info", "deleted":"0", "process_failed_to_decrypt":"0", "process_pending_decryption":"0", "process_success":"1", "total":"1"}}
{"logTime": "0429/024455", "correlationVector":"RzkHt+zwxB9IAbisp1ZqIN.5","action":"ProcessGetUpdates", "result":"Done", "context":{"dataType":"History", "deleted":"0", "process_failed_to_decrypt":"0", "process_pending_decryption":"0", "process_success":"8", "total":"8"}}
{"logTime": "0429/024455", "correlationVector":"RzkHt+zwxB9IAbisp1ZqIN.6","action":"GetUpdates Response", "result":"Success", "context":Received 19 update(s). cV=RzkHt+zwxB9IAbisp1ZqIN.0;server=akswtt00700002k;cloudType=Consumer;environment=Prod_southeastasia_prod-s01-064-apac-southeastasia;migrationStage=NotStarted}
{"logTime": "0429/024456", "correlationVector":"sL5uvGW5g8uVV8Gl56jdD1","action":"DoCompareDataConsistency requsted types: ", "result":"Bookmarks, Preferences, Passwords, Extensions, Extension settings, History Delete Directives, Send Tab To Self, Web Apps, History, Saved Tab Group, Collection, Edge E Drop, Edge Tab Group, Edge Wallet, Encryption Keys"}
{"logTime": "0429/024456", "correlationVector":"sL5uvGW5g8uVV8Gl56jdD1.0","action":"CompareDataConsistency result: ", "result":"Compare result: Encryption Keys is consistent. local entities count is: 1 local entities hash is: J6rAu+ppQFDo1oCq/DUq7zE5UJ4="}
{"logTime": "0429/024456", "correlationVector":"sL5uvGW5g8uVV8Gl56jdD1.1","action":"CompareDataConsistency result: ", "result":"Compare result: Bookmarks is consistent. local entities count is: 127 local entities hash is: 9TadHAWe2TmEN+rwD65E1LNQPuI="}
{"logTime": "0429/024456", "correlationVector":"sL5uvGW5g8uVV8Gl56jdD1.2","action":"CompareDataConsistency result: ", "result":"Compare result: Preferences is consistent. local entities count is: 91 local entities hash is: kNVw23RVniwHxBBMRo1XaaFXwK4="}
{"logTime": "0429/024456", "correlationVector":"sL5uvGW5g8uVV8Gl56jdD1.3","action":"CompareDataConsistency result: ", "result":"Compare result: Extensions is consistent. local entities count is: 1 local entities hash is: Y2qOyO0rjq9dF28xB8M5r6C2qAg="}
{"logTime": "0429/024456", "correlationVector":"sL5uvGW5g8uVV8Gl56jdD1.4","action":"CompareDataConsistency result: ", "result":"Compare result: Extension settings is consistent. local entities count is: 0 local entities hash is: "}
{"logTime": "0429/024456", "correlationVector":"sL5uvGW5g8uVV8Gl56jdD1.5","action":"CompareDataConsistency result: ", "result":"Compare result: History Delete Directives is inconsistent. server entities count is: 4 server entities hash is: j4sPSR47l/4QqtBVL/G/RdPxceY= local entities count is: 0 local entities hash is: "}
{"logTime": "0429/024456", "correlationVector":"sL5uvGW5g8uVV8Gl56jdD1.6","action":"CompareDataConsistency result: ", "result":"Server did not send this Send Tab To Self local entities count is: 0 local entities hash is: "}
{"logTime": "0429/024456", "correlationVector":"sL5uvGW5g8uVV8Gl56jdD1.7","action":"CompareDataConsistency result: ", "result":"Compare result: Web Apps is consistent. local entities count is: 0 local entities hash is: "}
{"logTime": "0429/024456", "correlationVector":"sL5uvGW5g8uVV8Gl56jdD1.8","action":"CompareDataConsistency result: ", "result":"Server did not send this History local entities count is: 0 local entities hash is: "}
{"logTime": "0429/024456", "correlationVector":"sL5uvGW5g8uVV8Gl56jdD1.9","action":"CompareDataConsistency result: ", "result":"Compare result: Saved Tab Group is consistent. local entities count is: 15 local entities hash is: HZBhNd+gWbTfZZjjyq42wieLpEU="}
{"logTime": "0429/024456", "correlationVector":"sL5uvGW5g8uVV8Gl56jdD1.10","action":"CompareDataConsistency result: ", "result":"Compare result: Collection is consistent. local entities count is: 0 local entities hash is: "}
{"logTime": "0429/024456", "correlationVector":"sL5uvGW5g8uVV8Gl56jdD1.11","action":"CompareDataConsistency result: ", "result":"Compare result: Edge E Drop is consistent. local entities count is: 0 local entities hash is: "}
{"logTime": "0429/024456", "correlationVector":"sL5uvGW5g8uVV8Gl56jdD1.12","action":"CompareDataConsistency result: ", "result":"Compare result: Edge Tab Group is consistent. local entities count is: 4 local entities hash is: lgQi/u24nu5Gd4ompKB9ZcQLz50="}
{"logTime": "0429/024456", "correlationVector":"sL5uvGW5g8uVV8Gl56jdD1.13","action":"CompareDataConsistency result: ", "result":"Compare result: Edge Wallet is consistent. local entities count is: 0 local entities hash is: "}
{"logTime": "0429/024456", "correlationVector":"sL5uvGW5g8uVV8Gl56jdD1.14","action":"CompareDataConsistency result: ", "result":"Compare result: Passwords is consistent. local entities count is: 72 local entities hash is: C/PlxstylOoOeIdgCG8p4pJtLPc="}
{"logTime": "0429/024456", "correlationVector":"","action":"DIAGNOSTIC_REQUEST|v1/diagnosticData/Diagnostic.SendCheckResult()|SUCCESS", "result":""}
{"logTime": "0429/024507", "correlationVector":"647ErsHL6CfM1uS2p5n6Xp","action":"Commit Request", "result":"", "context":Item count: 7
Contributing types: Preferences, Sessions, History}
{"logTime": "0429/024507", "correlationVector":"647ErsHL6CfM1uS2p5n6Xp.1","action":"SyncServerConnectionManagerRequest", "result":"SYNC_SERVER_OK", "context":{"environment":"Prod_southeastasia_prod-s01-065-apac-southeastasia", "migrationStage":"NotStarted", "server":"akswtt00700002q"}}
{"logTime": "0429/024507", "correlationVector":"647ErsHL6CfM1uS2p5n6Xp.2","action":"Commit Response", "result":"Success", "context":Result: Success. cV=647ErsHL6CfM1uS2p5n6Xp.0;server=akswtt00700002q;cloudType=Consumer;environment=Prod_southeastasia_prod-s01-065-apac-southeastasia;migrationStage=NotStarted}
{"logTime": "0429/024510", "correlationVector":"nHJdUn4w3UGhbHcE/KUOPI","action":"Normal GetUpdate request", "result":"", "context":cV=nHJdUn4w3UGhbHcE/KUOPI
Notified types: History}
{"logTime": "0429/024510", "correlationVector":"nHJdUn4w3UGhbHcE/KUOPI.1","action":"SyncServerConnectionManagerRequest", "result":"SYNC_SERVER_OK", "context":{"environment":"Prod_southeastasia_prod-s01-064-apac-southeastasia", "migrationStage":"NotStarted", "server":"akswtt007000030"}}
{"logTime": "0429/024510", "correlationVector":"nHJdUn4w3UGhbHcE/KUOPI.2","action":"ProcessGetUpdates", "result":"Done", "context":{"dataType":"Preferences", "deleted":"0", "process_failed_to_decrypt":"0", "process_pending_decryption":"0", "process_success":"1", "total":"1"}}
{"logTime": "0429/024510", "correlationVector":"nHJdUn4w3UGhbHcE/KUOPI.3","action":"ProcessGetUpdates", "result":"Done", "context":{"dataType":"Sessions", "deleted":"1", "process_failed_to_decrypt":"0", "process_pending_decryption":"0", "process_success":"5", "total":"5"}}
{"logTime": "0429/024510", "correlationVector":"nHJdUn4w3UGhbHcE/KUOPI.4","action":"ProcessGetUpdates", "result":"Done", "context":{"dataType":"History", "deleted":"0", "process_failed_to_decrypt":"0", "process_pending_decryption":"0", "process_success":"5", "total":"5"}}
{"logTime": "0429/024510", "correlationVector":"nHJdUn4w3UGhbHcE/KUOPI.5","action":"GetUpdates Response", "result":"Success", "context":Received 11 update(s). cV=nHJdUn4w3UGhbHcE/KUOPI.0;server=akswtt007000030;cloudType=Consumer;environment=Prod_southeastasia_prod-s01-064-apac-southeastasia;migrationStage=NotStarted}
{"logTime": "0429/024515", "correlationVector":"zC9CnPjYReqJktqozvcSce","action":"Commit Request", "result":"", "context":Item count: 1
Contributing types: Passwords}
{"logTime": "0429/024516", "correlationVector":"zC9CnPjYReqJktqozvcSce.1","action":"SyncServerConnectionManagerRequest", "result":"SYNC_SERVER_OK", "context":{"environment":"Prod_southeastasia_prod-s01-064-apac-southeastasia", "migrationStage":"NotStarted", "server":"akswtt00700002d"}}
{"logTime": "0429/024516", "correlationVector":"zC9CnPjYReqJktqozvcSce.2","action":"Commit Response", "result":"Success", "context":Result: Success. cV=zC9CnPjYReqJktqozvcSce.0;server=akswtt00700002d;cloudType=Consumer;environment=Prod_southeastasia_prod-s01-064-apac-southeastasia;migrationStage=NotStarted}
{"logTime": "0429/024517", "correlationVector":"L0NIXEN2sd3nT/JsZHOseD","action":"Commit Request", "result":"", "context":Item count: 3
Contributing types: Preferences, Autofill Profiles, Autofill}
{"logTime": "0429/024518", "correlationVector":"L0NIXEN2sd3nT/JsZHOseD.1","action":"SyncServerConnectionManagerRequest", "result":"SYNC_SERVER_OK", "context":{"environment":"Prod_southeastasia_prod-s01-064-apac-southeastasia", "migrationStage":"NotStarted", "server":"akswtt00700000p"}}
{"logTime": "0429/024518", "correlationVector":"L0NIXEN2sd3nT/JsZHOseD.2","action":"Commit Response", "result":"Success", "context":Result: Success. cV=L0NIXEN2sd3nT/JsZHOseD.0;server=akswtt00700000p;cloudType=Consumer;environment=Prod_southeastasia_prod-s01-064-apac-southeastasia;migrationStage=NotStarted}
{"logTime": "0429/024519", "correlationVector":"LxLVVlwSL4neP1ik5gsPTL","action":"Normal GetUpdate request", "result":"", "context":cV=LxLVVlwSL4neP1ik5gsPTL
Notified types: Preferences, Passwords}
{"logTime": "0429/024520", "correlationVector":"LxLVVlwSL4neP1ik5gsPTL.1","action":"SyncServerConnectionManagerRequest", "result":"SYNC_SERVER_OK", "context":{"environment":"Prod_southeastasia_prod-s01-064-apac-southeastasia", "migrationStage":"NotStarted", "server":"akswtt007000014"}}
{"logTime": "0429/024520", "correlationVector":"LxLVVlwSL4neP1ik5gsPTL.2","action":"ProcessGetUpdates", "result":"Done", "context":{"dataType":"Preferences", "deleted":"0", "process_failed_to_decrypt":"0", "process_pending_decryption":"0", "process_success":"1", "total":"1"}}
{"logTime": "0429/024520", "correlationVector":"LxLVVlwSL4neP1ik5gsPTL.3","action":"ProcessGetUpdates", "result":"Done", "context":{"dataType":"Passwords", "deleted":"0", "process_failed_to_decrypt":"0", "process_pending_decryption":"0", "process_success":"1", "total":"1"}}
{"logTime": "0429/024520", "correlationVector":"LxLVVlwSL4neP1ik5gsPTL.4","action":"ProcessGetUpdates", "result":"Done", "context":{"dataType":"Autofill Profiles", "deleted":"0", "process_failed_to_decrypt":"0", "process_pending_decryption":"0", "process_success":"1", "total":"1"}}
{"logTime": "0429/024520", "correlationVector":"LxLVVlwSL4neP1ik5gsPTL.5","action":"ProcessGetUpdates", "result":"Done", "context":{"dataType":"Autofill", "deleted":"0", "process_failed_to_decrypt":"0", "process_pending_decryption":"0", "process_success":"1", "total":"1"}}
{"logTime": "0429/024520", "correlationVector":"LxLVVlwSL4neP1ik5gsPTL.6","action":"GetUpdates Response", "result":"Success", "context":Received 4 update(s). cV=LxLVVlwSL4neP1ik5gsPTL.0;server=akswtt007000014;cloudType=Consumer;environment=Prod_southeastasia_prod-s01-064-apac-southeastasia;migrationStage=NotStarted}
{"logTime": "0429/024620", "correlationVector":"YOx2wfY8jhKJrSglXRQGg+","action":"Commit Request", "result":"", "context":Item count: 7
Contributing types: Sessions, History}
{"logTime": "0429/024621", "correlationVector":"YOx2wfY8jhKJrSglXRQGg+.1","action":"SyncServerConnectionManagerRequest", "result":"SYNC_SERVER_OK", "context":{"environment":"Prod_southeastasia_prod-s01-064-apac-southeastasia", "migrationStage":"NotStarted", "server":"akswtt00700001r"}}
{"logTime": "0429/024621", "correlationVector":"YOx2wfY8jhKJrSglXRQGg+.2","action":"Commit Response", "result":"Success", "context":Result: Success. cV=YOx2wfY8jhKJrSglXRQGg+.0;server=akswtt00700001r;cloudType=Consumer;environment=Prod_southeastasia_prod-s01-064-apac-southeastasia;migrationStage=NotStarted}
{"logTime": "0429/024624", "correlationVector":"YawHTcht4mO+FJA7rKQ7dN","action":"Normal GetUpdate request", "result":"", "context":cV=YawHTcht4mO+FJA7rKQ7dN
Notified types: History}
{"logTime": "0429/024624", "correlationVector":"YawHTcht4mO+FJA7rKQ7dN.1","action":"SyncServerConnectionManagerRequest", "result":"SYNC_SERVER_OK", "context":{"environment":"Prod_southeastasia_prod-s01-064-apac-southeastasia", "migrationStage":"NotStarted", "server":"akswtt00700001r"}}
{"logTime": "0429/024624", "correlationVector":"YawHTcht4mO+FJA7rKQ7dN.2","action":"ProcessGetUpdates", "result":"Done", "context":{"dataType":"Sessions", "deleted":"0", "process_failed_to_decrypt":"0", "process_pending_decryption":"0", "process_success":"3", "total":"3"}}
{"logTime": "0429/024624", "correlationVector":"YawHTcht4mO+FJA7rKQ7dN.3","action":"ProcessGetUpdates", "result":"Done", "context":{"dataType":"History", "deleted":"0", "process_failed_to_decrypt":"0", "process_pending_decryption":"0", "process_success":"7", "total":"7"}}
{"logTime": "0429/024624", "correlationVector":"YawHTcht4mO+FJA7rKQ7dN.4","action":"GetUpdates Response", "result":"Success", "context":Received 10 update(s). cV=YawHTcht4mO+FJA7rKQ7dN.0;server=akswtt00700001r;cloudType=Consumer;environment=Prod_southeastasia_prod-s01-064-apac-southeastasia;migrationStage=NotStarted}
{"logTime": "0429/024823", "correlationVector":"bYReB3kV8eE3AGFn/32Gha","action":"Commit Request", "result":"", "context":Item count: 1
Contributing types: Sessions}
{"logTime": "0429/024823", "correlationVector":"bYReB3kV8eE3AGFn/32Gha.1","action":"SyncServerConnectionManagerRequest", "result":"SYNC_SERVER_OK", "context":{"environment":"Prod_southeastasia_prod-s01-064-apac-southeastasia", "migrationStage":"NotStarted", "server":"akswtt00700001g"}}
{"logTime": "0429/024823", "correlationVector":"bYReB3kV8eE3AGFn/32Gha.2","action":"Commit Response", "result":"Success", "context":Result: Success. cV=bYReB3kV8eE3AGFn/32Gha.0;server=akswtt00700001g;cloudType=Consumer;environment=Prod_southeastasia_prod-s01-064-apac-southeastasia;migrationStage=NotStarted}
{"logTime": "0429/024823", "correlationVector":"bYReB3kV8eE3AGFn/32Gha.3","action":"Commit.Sessions", "result":"Success", "context":{"id":"56b7eeea-b149-404b-a05b-738f38e35ee4", "isDeleted":"true", "size":"0", "version":"1745894747802"}}
